[0.285s] DEBUG:colcon:Command line arguments: ['/usr/bin/colcon', 'build']
[0.285s] DEBUG:colcon:Parsed command line arguments: Namespace(allow_overriding=[], ament_cmake_args=None, base_paths=['.'], bazel_args=None, bazel_task=None, build_base='build', catkin_cmake_args=None, catkin_skip_building_tests=False, cmake_args=None, cmake_clean_cache=False, cmake_clean_first=False, cmake_force_configure=False, cmake_target=None, cmake_target_skip_unavailable=False, continue_on_error=False, event_handlers=None, executor='parallel', ignore_user_meta=False, install_base='install', log_base=None, log_level=None, main=<bound method BuildVerb.main of <colcon_core.verb.build.BuildVerb object at 0x7fc8e6e9db20>>, merge_install=False, metas=['./colcon.meta'], mixin=None, mixin_files=None, mixin_verb=('build',), packages_above=None, packages_above_and_dependencies=None, packages_above_depth=None, packages_end=None, packages_ignore=None, packages_ignore_regex=None, packages_select=None, packages_select_build_failed=False, packages_select_by_dep=None, packages_select_regex=None, packages_select_test_failures=False, packages_skip=None, packages_skip_build_finished=False, packages_skip_by_dep=None, packages_skip_regex=None, packages_skip_test_passed=False, packages_skip_up_to=None, packages_start=None, packages_up_to=None, packages_up_to_regex=None, parallel_workers=16, paths=None, symlink_install=False, test_result_base=None, verb_extension=<colcon_core.verb.build.BuildVerb object at 0x7fc8e6e9db20>, verb_name='build', verb_parser=<colcon_alias.argument_parser.alias.AliasArgumentDecorator object at 0x7fc8e6d83e20>)
[0.328s] Level 1:colcon.colcon_core.package_discovery:discover_packages(colcon_meta) check parameters
[0.328s] Level 1:colcon.colcon_core.package_discovery:discover_packages(recursive) check parameters
[0.328s] Level 1:colcon.colcon_core.package_discovery:discover_packages(ignore) check parameters
[0.328s] Level 1:colcon.colcon_core.package_discovery:discover_packages(path) check parameters
[0.328s] Level 1:colcon.colcon_core.package_discovery:discover_packages(colcon_meta) discover
[0.328s] Level 1:colcon.colcon_core.package_discovery:discover_packages(recursive) discover
[0.328s] INFO:colcon.colcon_core.package_discovery:Crawling recursively for packages in '/home/naveen/courses/ENPM808x/beginner_tutorials/src'
[0.328s] Level 1:colcon.colcon_core.package_identification:_identify(.) by extensions ['ignore', 'ignore_ament_install']
[0.328s] Level 1:colcon.colcon_core.package_identification:_identify(.) by extension 'ignore'
[0.328s] Level 1:colcon.colcon_core.package_identification:_identify(.) by extension 'ignore_ament_install'
[0.329s] Level 1:colcon.colcon_core.package_identification:_identify(.) by extensions ['colcon_pkg']
[0.329s] Level 1:colcon.colcon_core.package_identification:_identify(.) by extension 'colcon_pkg'
[0.329s] Level 1:colcon.colcon_core.package_identification:_identify(.) by extensions ['colcon_meta']
[0.329s] Level 1:colcon.colcon_core.package_identification:_identify(.) by extension 'colcon_meta'
[0.329s] Level 1:colcon.colcon_core.package_identification:_identify(.) by extensions ['ros']
[0.329s] Level 1:colcon.colcon_core.package_identification:_identify(.) by extension 'ros'
[0.330s] Level 1:colcon.colcon_core.package_identification:_identify(.) by extensions ['bazel', 'cmake', 'python']
[0.330s] Level 1:colcon.colcon_core.package_identification:_identify(.) by extension 'bazel'
[0.330s] Level 1:colcon.colcon_core.package_identification:_identify(.) by extension 'cmake'
[0.330s] Level 1:colcon.colcon_core.package_identification:_identify(.) by extension 'python'
[0.330s] Level 1:colcon.colcon_core.package_identification:_identify(.) by extensions ['python_setup_py']
[0.330s] Level 1:colcon.colcon_core.package_identification:_identify(.) by extension 'python_setup_py'
[0.330s] Level 1:colcon.colcon_core.package_identification:_identify(build) by extensions ['ignore', 'ignore_ament_install']
[0.330s] Level 1:colcon.colcon_core.package_identification:_identify(build) by extension 'ignore'
[0.331s] Level 1:colcon.colcon_core.package_identification:_identify(build) ignored
[0.331s] Level 1:colcon.colcon_core.package_identification:_identify(cpp_pubsub) by extensions ['ignore', 'ignore_ament_install']
[0.331s] Level 1:colcon.colcon_core.package_identification:_identify(cpp_pubsub) by extension 'ignore'
[0.331s] Level 1:colcon.colcon_core.package_identification:_identify(cpp_pubsub) by extension 'ignore_ament_install'
[0.331s] Level 1:colcon.colcon_core.package_identification:_identify(cpp_pubsub) by extensions ['colcon_pkg']
[0.331s] Level 1:colcon.colcon_core.package_identification:_identify(cpp_pubsub) by extension 'colcon_pkg'
[0.331s] Level 1:colcon.colcon_core.package_identification:_identify(cpp_pubsub) by extensions ['colcon_meta']
[0.331s] Level 1:colcon.colcon_core.package_identification:_identify(cpp_pubsub) by extension 'colcon_meta'
[0.331s] Level 1:colcon.colcon_core.package_identification:_identify(cpp_pubsub) by extensions ['ros']
[0.331s] Level 1:colcon.colcon_core.package_identification:_identify(cpp_pubsub) by extension 'ros'
[0.332s] DEBUG:colcon.colcon_core.package_identification:Package 'cpp_pubsub' with type 'ros.ament_cmake' and name 'cpp_pubsub'
[0.332s] Level 1:colcon.colcon_core.package_identification:_identify(install) by extensions ['ignore', 'ignore_ament_install']
[0.332s] Level 1:colcon.colcon_core.package_identification:_identify(install) by extension 'ignore'
[0.332s] Level 1:colcon.colcon_core.package_identification:_identify(install) ignored
[0.332s] Level 1:colcon.colcon_core.package_identification:_identify(log) by extensions ['ignore', 'ignore_ament_install']
[0.332s] Level 1:colcon.colcon_core.package_identification:_identify(log) by extension 'ignore'
[0.332s] Level 1:colcon.colcon_core.package_identification:_identify(log) ignored
[0.332s] Level 1:colcon.colcon_core.package_discovery:discover_packages(recursive) using defaults
[0.333s] Level 1:colcon.colcon_core.package_discovery:discover_packages(ignore) discover
[0.333s] Level 1:colcon.colcon_core.package_discovery:discover_packages(ignore) using defaults
[0.333s] Level 1:colcon.colcon_core.package_discovery:discover_packages(path) discover
[0.333s] Level 1:colcon.colcon_core.package_discovery:discover_packages(path) using defaults
[0.346s] Level 1:colcon.colcon_core.package_discovery:discover_packages(prefix_path) check parameters
[0.346s] Level 1:colcon.colcon_core.package_discovery:discover_packages(prefix_path) discover
[0.349s] DEBUG:colcon.colcon_installed_package_information.package_discovery:Found 256 installed packages in /opt/ros/foxy
[0.349s] Level 1:colcon.colcon_core.package_discovery:discover_packages(prefix_path) using defaults
[0.387s] Level 5:colcon.colcon_core.verb:set package 'cpp_pubsub' build argument 'bazel_args' from command line to 'None'
[0.388s] Level 5:colcon.colcon_core.verb:set package 'cpp_pubsub' build argument 'bazel_task' from command line to 'None'
[0.388s] Level 5:colcon.colcon_core.verb:set package 'cpp_pubsub' build argument 'cmake_args' from command line to 'None'
[0.388s] Level 5:colcon.colcon_core.verb:set package 'cpp_pubsub' build argument 'cmake_target' from command line to 'None'
[0.388s] Level 5:colcon.colcon_core.verb:set package 'cpp_pubsub' build argument 'cmake_target_skip_unavailable' from command line to 'False'
[0.388s] Level 5:colcon.colcon_core.verb:set package 'cpp_pubsub' build argument 'cmake_clean_cache' from command line to 'False'
[0.388s] Level 5:colcon.colcon_core.verb:set package 'cpp_pubsub' build argument 'cmake_clean_first' from command line to 'False'
[0.388s] Level 5:colcon.colcon_core.verb:set package 'cpp_pubsub' build argument 'cmake_force_configure' from command line to 'False'
[0.388s] Level 5:colcon.colcon_core.verb:set package 'cpp_pubsub' build argument 'ament_cmake_args' from command line to 'None'
[0.388s] Level 5:colcon.colcon_core.verb:set package 'cpp_pubsub' build argument 'catkin_cmake_args' from command line to 'None'
[0.388s] Level 5:colcon.colcon_core.verb:set package 'cpp_pubsub' build argument 'catkin_skip_building_tests' from command line to 'False'
[0.388s] DEBUG:colcon.colcon_core.verb:Building package 'cpp_pubsub' with the following arguments: {'ament_cmake_args': None, 'bazel_args': None, 'bazel_task': None, 'build_base': '/home/naveen/courses/ENPM808x/beginner_tutorials/src/build/cpp_pubsub', 'catkin_cmake_args': None, 'catkin_skip_building_tests': False, 'cmake_args': None, 'cmake_clean_cache': False, 'cmake_clean_first': False, 'cmake_force_configure': False, 'cmake_target': None, 'cmake_target_skip_unavailable': False, 'install_base': '/home/naveen/courses/ENPM808x/beginner_tutorials/src/install/cpp_pubsub', 'merge_install': False, 'path': '/home/naveen/courses/ENPM808x/beginner_tutorials/src/cpp_pubsub', 'symlink_install': False, 'test_result_base': None}
[0.388s] INFO:colcon.colcon_core.executor:Executing jobs using 'parallel' executor
[0.391s] DEBUG:colcon.colcon_parallel_executor.executor.parallel:run_until_complete
[0.391s] INFO:colcon.colcon_ros.task.ament_cmake.build:Building ROS package in '/home/naveen/courses/ENPM808x/beginner_tutorials/src/cpp_pubsub' with build type 'ament_cmake'
[0.391s] INFO:colcon.colcon_cmake.task.cmake.build:Building CMake package in '/home/naveen/courses/ENPM808x/beginner_tutorials/src/cpp_pubsub'
[0.394s] INFO:colcon.colcon_core.plugin_system:Skipping extension 'colcon_core.shell.bat': Not used on non-Windows systems
[0.394s] INFO:colcon.colcon_core.shell:Skip shell extension 'powershell' for command environment: Not usable outside of PowerShell
[0.394s] DEBUG:colcon.colcon_core.shell:Skip shell extension 'dsv' for command environment
[0.404s] DEBUG:colcon.colcon_core.event_handler.log_command:Invoking command in '/home/naveen/courses/ENPM808x/beginner_tutorials/src/build/cpp_pubsub': CMAKE_PREFIX_PATH=/opt/ros/foxy CONDA_PROMPT_MODIFIER=(base) /home/naveen/.local/bin/cmake /home/naveen/courses/ENPM808x/beginner_tutorials/src/cpp_pubsub -DCMAKE_INSTALL_PREFIX=/home/naveen/courses/ENPM808x/beginner_tutorials/src/install/cpp_pubsub
[1.160s] DEBUG:colcon.colcon_core.event_handler.log_command:Invoked command in '/home/naveen/courses/ENPM808x/beginner_tutorials/src/build/cpp_pubsub' returned '0': CMAKE_PREFIX_PATH=/opt/ros/foxy CONDA_PROMPT_MODIFIER=(base) /home/naveen/.local/bin/cmake /home/naveen/courses/ENPM808x/beginner_tutorials/src/cpp_pubsub -DCMAKE_INSTALL_PREFIX=/home/naveen/courses/ENPM808x/beginner_tutorials/src/install/cpp_pubsub
[1.162s] DEBUG:colcon.colcon_core.event_handler.log_command:Invoking command in '/home/naveen/courses/ENPM808x/beginner_tutorials/src/build/cpp_pubsub': CMAKE_PREFIX_PATH=/opt/ros/foxy CONDA_PROMPT_MODIFIER=(base) /home/naveen/.local/bin/cmake --build /home/naveen/courses/ENPM808x/beginner_tutorials/src/build/cpp_pubsub -- -j16 -l16
[1.212s] DEBUG:colcon.colcon_core.event_handler.log_command:Invoked command in '/home/naveen/courses/ENPM808x/beginner_tutorials/src/build/cpp_pubsub' returned '0': CMAKE_PREFIX_PATH=/opt/ros/foxy CONDA_PROMPT_MODIFIER=(base) /home/naveen/.local/bin/cmake --build /home/naveen/courses/ENPM808x/beginner_tutorials/src/build/cpp_pubsub -- -j16 -l16
[1.345s] DEBUG:colcon.colcon_core.event_handler.log_command:Invoking command in '/home/naveen/courses/ENPM808x/beginner_tutorials/src/build/cpp_pubsub': CMAKE_PREFIX_PATH=/opt/ros/foxy CONDA_PROMPT_MODIFIER=(base) /home/naveen/.local/bin/cmake --install /home/naveen/courses/ENPM808x/beginner_tutorials/src/build/cpp_pubsub
[1.372s] Level 1:colcon.colcon_core.environment:create_environment_scripts_only(cpp_pubsub)
[1.373s] DEBUG:colcon.colcon_core.event_handler.log_command:Invoked command in '/home/naveen/courses/ENPM808x/beginner_tutorials/src/build/cpp_pubsub' returned '0': CMAKE_PREFIX_PATH=/opt/ros/foxy CONDA_PROMPT_MODIFIER=(base) /home/naveen/.local/bin/cmake --install /home/naveen/courses/ENPM808x/beginner_tutorials/src/build/cpp_pubsub
[1.377s] Level 1:colcon.colcon_core.environment:checking '/home/naveen/courses/ENPM808x/beginner_tutorials/src/install/cpp_pubsub' for CMake module files
[1.394s] Level 1:colcon.colcon_core.environment:checking '/home/naveen/courses/ENPM808x/beginner_tutorials/src/install/cpp_pubsub' for CMake config files
[1.394s] Level 1:colcon.colcon_core.shell:create_environment_hook('cpp_pubsub', 'cmake_prefix_path')
[1.395s] INFO:colcon.colcon_core.shell:Creating environment hook '/home/naveen/courses/ENPM808x/beginner_tutorials/src/install/cpp_pubsub/share/cpp_pubsub/hook/cmake_prefix_path.ps1'
[1.396s] INFO:colcon.colcon_core.shell:Creating environment descriptor '/home/naveen/courses/ENPM808x/beginner_tutorials/src/install/cpp_pubsub/share/cpp_pubsub/hook/cmake_prefix_path.dsv'
[1.396s] INFO:colcon.colcon_core.shell:Creating environment hook '/home/naveen/courses/ENPM808x/beginner_tutorials/src/install/cpp_pubsub/share/cpp_pubsub/hook/cmake_prefix_path.sh'
[1.396s] Level 1:colcon.colcon_core.environment:checking '/home/naveen/courses/ENPM808x/beginner_tutorials/src/install/cpp_pubsub/bin'
[1.397s] Level 1:colcon.colcon_core.environment:checking '/home/naveen/courses/ENPM808x/beginner_tutorials/src/install/cpp_pubsub/lib/pkgconfig/cpp_pubsub.pc'
[1.397s] Level 1:colcon.colcon_core.environment:checking '/home/naveen/courses/ENPM808x/beginner_tutorials/src/install/cpp_pubsub/lib/python3.8/site-packages'
[1.397s] Level 1:colcon.colcon_core.environment:checking '/home/naveen/courses/ENPM808x/beginner_tutorials/src/install/cpp_pubsub/bin'
[1.398s] INFO:colcon.colcon_core.shell:Creating package script '/home/naveen/courses/ENPM808x/beginner_tutorials/src/install/cpp_pubsub/share/cpp_pubsub/package.ps1'
[1.399s] INFO:colcon.colcon_core.shell:Creating package descriptor '/home/naveen/courses/ENPM808x/beginner_tutorials/src/install/cpp_pubsub/share/cpp_pubsub/package.dsv'
[1.400s] INFO:colcon.colcon_core.shell:Creating package script '/home/naveen/courses/ENPM808x/beginner_tutorials/src/install/cpp_pubsub/share/cpp_pubsub/package.sh'
[1.400s] INFO:colcon.colcon_core.shell:Creating package script '/home/naveen/courses/ENPM808x/beginner_tutorials/src/install/cpp_pubsub/share/cpp_pubsub/package.bash'
[1.400s] INFO:colcon.colcon_core.shell:Creating package script '/home/naveen/courses/ENPM808x/beginner_tutorials/src/install/cpp_pubsub/share/cpp_pubsub/package.zsh'
[1.401s] Level 1:colcon.colcon_core.environment:create_file_with_runtime_dependencies(/home/naveen/courses/ENPM808x/beginner_tutorials/src/install/cpp_pubsub/share/colcon-core/packages/cpp_pubsub)
[1.434s] Level 1:colcon.colcon_core.environment:create_environment_scripts_only(cpp_pubsub)
[1.437s] Level 1:colcon.colcon_core.environment:checking '/home/naveen/courses/ENPM808x/beginner_tutorials/src/install/cpp_pubsub' for CMake module files
[1.437s] Level 1:colcon.colcon_core.environment:checking '/home/naveen/courses/ENPM808x/beginner_tutorials/src/install/cpp_pubsub' for CMake config files
[1.437s] Level 1:colcon.colcon_core.shell:create_environment_hook('cpp_pubsub', 'cmake_prefix_path')
[1.439s] INFO:colcon.colcon_core.shell:Creating environment hook '/home/naveen/courses/ENPM808x/beginner_tutorials/src/install/cpp_pubsub/share/cpp_pubsub/hook/cmake_prefix_path.ps1'
[1.439s] INFO:colcon.colcon_core.shell:Creating environment descriptor '/home/naveen/courses/ENPM808x/beginner_tutorials/src/install/cpp_pubsub/share/cpp_pubsub/hook/cmake_prefix_path.dsv'
[1.440s] INFO:colcon.colcon_core.shell:Creating environment hook '/home/naveen/courses/ENPM808x/beginner_tutorials/src/install/cpp_pubsub/share/cpp_pubsub/hook/cmake_prefix_path.sh'
[1.440s] Level 1:colcon.colcon_core.environment:checking '/home/naveen/courses/ENPM808x/beginner_tutorials/src/install/cpp_pubsub/bin'
[1.440s] Level 1:colcon.colcon_core.environment:checking '/home/naveen/courses/ENPM808x/beginner_tutorials/src/install/cpp_pubsub/lib/pkgconfig/cpp_pubsub.pc'
[1.440s] Level 1:colcon.colcon_core.environment:checking '/home/naveen/courses/ENPM808x/beginner_tutorials/src/install/cpp_pubsub/lib/python3.8/site-packages'
[1.440s] Level 1:colcon.colcon_core.environment:checking '/home/naveen/courses/ENPM808x/beginner_tutorials/src/install/cpp_pubsub/bin'
[1.442s] INFO:colcon.colcon_core.shell:Creating package script '/home/naveen/courses/ENPM808x/beginner_tutorials/src/install/cpp_pubsub/share/cpp_pubsub/package.ps1'
[1.442s] INFO:colcon.colcon_core.shell:Creating package descriptor '/home/naveen/courses/ENPM808x/beginner_tutorials/src/install/cpp_pubsub/share/cpp_pubsub/package.dsv'
[1.442s] INFO:colcon.colcon_core.shell:Creating package script '/home/naveen/courses/ENPM808x/beginner_tutorials/src/install/cpp_pubsub/share/cpp_pubsub/package.sh'
[1.443s] INFO:colcon.colcon_core.shell:Creating package script '/home/naveen/courses/ENPM808x/beginner_tutorials/src/install/cpp_pubsub/share/cpp_pubsub/package.bash'
[1.443s] INFO:colcon.colcon_core.shell:Creating package script '/home/naveen/courses/ENPM808x/beginner_tutorials/src/install/cpp_pubsub/share/cpp_pubsub/package.zsh'
[1.443s] Level 1:colcon.colcon_core.environment:create_file_with_runtime_dependencies(/home/naveen/courses/ENPM808x/beginner_tutorials/src/install/cpp_pubsub/share/colcon-core/packages/cpp_pubsub)
[1.443s] DEBUG:colcon.colcon_parallel_executor.executor.parallel:closing loop
[1.444s] DEBUG:colcon.colcon_parallel_executor.executor.parallel:loop closed
[1.444s] DEBUG:colcon.colcon_parallel_executor.executor.parallel:run_until_complete finished with '0'
[1.444s] DEBUG:colcon.colcon_core.event_reactor:joining thread
[1.448s] INFO:colcon.colcon_core.plugin_system:Skipping extension 'colcon_notification.desktop_notification.terminal_notifier': Not used on non-Darwin systems
[1.448s] INFO:colcon.colcon_core.plugin_system:Skipping extension 'colcon_notification.desktop_notification.win32': Not used on non-Windows systems
[1.448s] INFO:colcon.colcon_notification.desktop_notification:Sending desktop notification using 'notify2'
[1.459s] DEBUG:colcon.colcon_core.event_reactor:joined thread
[1.460s] INFO:colcon.colcon_core.shell:Creating prefix script '/home/naveen/courses/ENPM808x/beginner_tutorials/src/install/local_setup.ps1'
[1.461s] INFO:colcon.colcon_core.shell:Creating prefix util module '/home/naveen/courses/ENPM808x/beginner_tutorials/src/install/_local_setup_util_ps1.py'
[1.461s] INFO:colcon.colcon_core.shell:Creating prefix chain script '/home/naveen/courses/ENPM808x/beginner_tutorials/src/install/setup.ps1'
[1.462s] INFO:colcon.colcon_core.shell:Creating prefix script '/home/naveen/courses/ENPM808x/beginner_tutorials/src/install/local_setup.sh'
[1.463s] INFO:colcon.colcon_core.shell:Creating prefix util module '/home/naveen/courses/ENPM808x/beginner_tutorials/src/install/_local_setup_util_sh.py'
[1.463s] INFO:colcon.colcon_core.shell:Creating prefix chain script '/home/naveen/courses/ENPM808x/beginner_tutorials/src/install/setup.sh'
[1.464s] INFO:colcon.colcon_core.shell:Creating prefix script '/home/naveen/courses/ENPM808x/beginner_tutorials/src/install/local_setup.bash'
[1.464s] INFO:colcon.colcon_core.shell:Creating prefix chain script '/home/naveen/courses/ENPM808x/beginner_tutorials/src/install/setup.bash'
[1.465s] INFO:colcon.colcon_core.shell:Creating prefix script '/home/naveen/courses/ENPM808x/beginner_tutorials/src/install/local_setup.zsh'
[1.465s] INFO:colcon.colcon_core.shell:Creating prefix chain script '/home/naveen/courses/ENPM808x/beginner_tutorials/src/install/setup.zsh'
