[0.012s] Invoking command in '/home/naveen/courses/ENPM808x/beginner_tutorials/src/build/cpp_pubsub': CMAKE_PREFIX_PATH=/opt/ros/foxy CONDA_PROMPT_MODIFIER=(base) /home/naveen/.local/bin/cmake /home/naveen/courses/ENPM808x/beginner_tutorials/src/cpp_pubsub -DCMAKE_INSTALL_PREFIX=/home/naveen/courses/ENPM808x/beginner_tutorials/src/install/cpp_pubsub
[0.093s] -- The C compiler identification is GNU 9.4.0
[0.191s] -- The CXX compiler identification is GNU 9.4.0
[0.204s] -- Detecting C compiler ABI info
[0.290s] -- Detecting C compiler ABI info - done
[0.308s] -- Check for working C compiler: /usr/bin/cc - skipped
[0.308s] -- Detecting C compile features
[0.309s] -- Detecting C compile features - done
[0.316s] -- Detecting CXX compiler ABI info
[0.406s] -- Detecting CXX compiler ABI info - done
[0.416s] -- Check for working CXX compiler: /usr/bin/c++ - skipped
[0.416s] -- Detecting CXX compile features
[0.416s] -- Detecting CXX compile features - done
[0.417s] -- Found ament_cmake: 0.9.11 (/opt/ros/foxy/share/ament_cmake/cmake)
[0.451s] -- Found PythonInterp: /home/naveen/anaconda3/bin/python3 (found suitable version "3.9.12", minimum required is "3") 
[0.451s] -- Using PYTHON_EXECUTABLE: /home/naveen/anaconda3/bin/python3
[0.638s] -- Found ament_lint_auto: 0.9.7 (/opt/ros/foxy/share/ament_lint_auto/cmake)
[0.749s] -- Added test 'copyright' to check source files copyright and LICENSE
[0.751s] -- Added test 'cppcheck' to perform static code analysis on C / C++ code
[0.751s] -- Configured cppcheck include dirs: 
[0.751s] -- Configured cppcheck exclude dirs and/or files: 
[0.753s] -- Added test 'cpplint' to check C / C++ code against the Google style
[0.754s] -- Configured cpplint exclude dirs and/or files: 
[0.755s] -- Added test 'lint_cmake' to check CMake code style
[0.758s] -- Added test 'uncrustify' to check C / C++ code style
[0.758s] -- Configured uncrustify additional arguments: 
[0.758s] -- Added test 'xmllint' to check XML markup files
[0.759s] -- Configuring done
[0.761s] -- Generating done
[0.762s] -- Build files have been written to: /home/naveen/courses/ENPM808x/beginner_tutorials/src/build/cpp_pubsub
[0.768s] Invoked command in '/home/naveen/courses/ENPM808x/beginner_tutorials/src/build/cpp_pubsub' returned '0': CMAKE_PREFIX_PATH=/opt/ros/foxy CONDA_PROMPT_MODIFIER=(base) /home/naveen/.local/bin/cmake /home/naveen/courses/ENPM808x/beginner_tutorials/src/cpp_pubsub -DCMAKE_INSTALL_PREFIX=/home/naveen/courses/ENPM808x/beginner_tutorials/src/install/cpp_pubsub
[0.770s] Invoking command in '/home/naveen/courses/ENPM808x/beginner_tutorials/src/build/cpp_pubsub': CMAKE_PREFIX_PATH=/opt/ros/foxy CONDA_PROMPT_MODIFIER=(base) /home/naveen/.local/bin/cmake --build /home/naveen/courses/ENPM808x/beginner_tutorials/src/build/cpp_pubsub -- -j16 -l16
[0.820s] Invoked command in '/home/naveen/courses/ENPM808x/beginner_tutorials/src/build/cpp_pubsub' returned '0': CMAKE_PREFIX_PATH=/opt/ros/foxy CONDA_PROMPT_MODIFIER=(base) /home/naveen/.local/bin/cmake --build /home/naveen/courses/ENPM808x/beginner_tutorials/src/build/cpp_pubsub -- -j16 -l16
[0.953s] Invoking command in '/home/naveen/courses/ENPM808x/beginner_tutorials/src/build/cpp_pubsub': CMAKE_PREFIX_PATH=/opt/ros/foxy CONDA_PROMPT_MODIFIER=(base) /home/naveen/.local/bin/cmake --install /home/naveen/courses/ENPM808x/beginner_tutorials/src/build/cpp_pubsub
[0.976s] -- Install configuration: ""
[0.976s] -- Installing: /home/naveen/courses/ENPM808x/beginner_tutorials/src/install/cpp_pubsub/share/ament_index/resource_index/package_run_dependencies/cpp_pubsub
[0.976s] -- Installing: /home/naveen/courses/ENPM808x/beginner_tutorials/src/install/cpp_pubsub/share/ament_index/resource_index/parent_prefix_path/cpp_pubsub
[0.976s] -- Installing: /home/naveen/courses/ENPM808x/beginner_tutorials/src/install/cpp_pubsub/share/cpp_pubsub/environment/ament_prefix_path.sh
[0.976s] -- Installing: /home/naveen/courses/ENPM808x/beginner_tutorials/src/install/cpp_pubsub/share/cpp_pubsub/environment/ament_prefix_path.dsv
[0.976s] -- Installing: /home/naveen/courses/ENPM808x/beginner_tutorials/src/install/cpp_pubsub/share/cpp_pubsub/environment/path.sh
[0.976s] -- Installing: /home/naveen/courses/ENPM808x/beginner_tutorials/src/install/cpp_pubsub/share/cpp_pubsub/environment/path.dsv
[0.977s] -- Installing: /home/naveen/courses/ENPM808x/beginner_tutorials/src/install/cpp_pubsub/share/cpp_pubsub/local_setup.bash
[0.977s] -- Installing: /home/naveen/courses/ENPM808x/beginner_tutorials/src/install/cpp_pubsub/share/cpp_pubsub/local_setup.sh
[0.977s] -- Installing: /home/naveen/courses/ENPM808x/beginner_tutorials/src/install/cpp_pubsub/share/cpp_pubsub/local_setup.zsh
[0.977s] -- Installing: /home/naveen/courses/ENPM808x/beginner_tutorials/src/install/cpp_pubsub/share/cpp_pubsub/local_setup.dsv
[0.977s] -- Installing: /home/naveen/courses/ENPM808x/beginner_tutorials/src/install/cpp_pubsub/share/cpp_pubsub/package.dsv
[0.977s] -- Installing: /home/naveen/courses/ENPM808x/beginner_tutorials/src/install/cpp_pubsub/share/ament_index/resource_index/packages/cpp_pubsub
[0.977s] -- Installing: /home/naveen/courses/ENPM808x/beginner_tutorials/src/install/cpp_pubsub/share/cpp_pubsub/cmake/cpp_pubsubConfig.cmake
[0.977s] -- Installing: /home/naveen/courses/ENPM808x/beginner_tutorials/src/install/cpp_pubsub/share/cpp_pubsub/cmake/cpp_pubsubConfig-version.cmake
[0.977s] -- Installing: /home/naveen/courses/ENPM808x/beginner_tutorials/src/install/cpp_pubsub/share/cpp_pubsub/package.xml
[0.981s] Invoked command in '/home/naveen/courses/ENPM808x/beginner_tutorials/src/build/cpp_pubsub' returned '0': CMAKE_PREFIX_PATH=/opt/ros/foxy CONDA_PROMPT_MODIFIER=(base) /home/naveen/.local/bin/cmake --install /home/naveen/courses/ENPM808x/beginner_tutorials/src/build/cpp_pubsub
