[0.012s] Invoking command in '/home/naveen/courses/ENPM808x/beginner_tutorials/build/cpp_pubsub': CMAKE_PREFIX_PATH=${CMAKE_PREFIX_PATH}:/opt/ros/foxy CONDA_PROMPT_MODIFIER=(base) /home/naveen/.local/bin/cmake --build /home/naveen/courses/ENPM808x/beginner_tutorials/build/cpp_pubsub -- -j16 -l16
[0.041s] [35m[1mConsolidate compiler generated dependencies of target talker[0m
[0.047s] [ 50%] [32mBuilding CXX object CMakeFiles/talker.dir/src/publisher_member_function.cpp.o[0m
[1.784s] [100%] [32m[1mLinking CXX executable talker[0m
[1.866s] [100%] Built target talker
[1.878s] Invoked command in '/home/naveen/courses/ENPM808x/beginner_tutorials/build/cpp_pubsub' returned '0': CMAKE_PREFIX_PATH=${CMAKE_PREFIX_PATH}:/opt/ros/foxy CONDA_PROMPT_MODIFIER=(base) /home/naveen/.local/bin/cmake --build /home/naveen/courses/ENPM808x/beginner_tutorials/build/cpp_pubsub -- -j16 -l16
[1.936s] Invoking command in '/home/naveen/courses/ENPM808x/beginner_tutorials/build/cpp_pubsub': CMAKE_PREFIX_PATH=${CMAKE_PREFIX_PATH}:/opt/ros/foxy CONDA_PROMPT_MODIFIER=(base) /home/naveen/.local/bin/cmake --install /home/naveen/courses/ENPM808x/beginner_tutorials/build/cpp_pubsub
[1.955s] -- Install configuration: ""
[1.955s] -- Installing: /home/naveen/courses/ENPM808x/beginner_tutorials/install/cpp_pubsub/lib/cpp_pubsub/talker
[1.956s] -- Set runtime path of "/home/naveen/courses/ENPM808x/beginner_tutorials/install/cpp_pubsub/lib/cpp_pubsub/talker" to ""
[1.956s] -- Up-to-date: /home/naveen/courses/ENPM808x/beginner_tutorials/install/cpp_pubsub/share/ament_index/resource_index/package_run_dependencies/cpp_pubsub
[1.956s] -- Up-to-date: /home/naveen/courses/ENPM808x/beginner_tutorials/install/cpp_pubsub/share/ament_index/resource_index/parent_prefix_path/cpp_pubsub
[1.956s] -- Up-to-date: /home/naveen/courses/ENPM808x/beginner_tutorials/install/cpp_pubsub/share/cpp_pubsub/environment/ament_prefix_path.sh
[1.956s] -- Up-to-date: /home/naveen/courses/ENPM808x/beginner_tutorials/install/cpp_pubsub/share/cpp_pubsub/environment/ament_prefix_path.dsv
[1.957s] -- Up-to-date: /home/naveen/courses/ENPM808x/beginner_tutorials/install/cpp_pubsub/share/cpp_pubsub/environment/path.sh
[1.957s] -- Up-to-date: /home/naveen/courses/ENPM808x/beginner_tutorials/install/cpp_pubsub/share/cpp_pubsub/environment/path.dsv
[1.957s] -- Up-to-date: /home/naveen/courses/ENPM808x/beginner_tutorials/install/cpp_pubsub/share/cpp_pubsub/local_setup.bash
[1.957s] -- Up-to-date: /home/naveen/courses/ENPM808x/beginner_tutorials/install/cpp_pubsub/share/cpp_pubsub/local_setup.sh
[1.957s] -- Up-to-date: /home/naveen/courses/ENPM808x/beginner_tutorials/install/cpp_pubsub/share/cpp_pubsub/local_setup.zsh
[1.957s] -- Up-to-date: /home/naveen/courses/ENPM808x/beginner_tutorials/install/cpp_pubsub/share/cpp_pubsub/local_setup.dsv
[1.957s] -- Installing: /home/naveen/courses/ENPM808x/beginner_tutorials/install/cpp_pubsub/share/cpp_pubsub/package.dsv
[1.957s] -- Up-to-date: /home/naveen/courses/ENPM808x/beginner_tutorials/install/cpp_pubsub/share/ament_index/resource_index/packages/cpp_pubsub
[1.957s] -- Up-to-date: /home/naveen/courses/ENPM808x/beginner_tutorials/install/cpp_pubsub/share/cpp_pubsub/cmake/cpp_pubsubConfig.cmake
[1.957s] -- Up-to-date: /home/naveen/courses/ENPM808x/beginner_tutorials/install/cpp_pubsub/share/cpp_pubsub/cmake/cpp_pubsubConfig-version.cmake
[1.957s] -- Up-to-date: /home/naveen/courses/ENPM808x/beginner_tutorials/install/cpp_pubsub/share/cpp_pubsub/package.xml
[1.961s] Invoked command in '/home/naveen/courses/ENPM808x/beginner_tutorials/build/cpp_pubsub' returned '0': CMAKE_PREFIX_PATH=${CMAKE_PREFIX_PATH}:/opt/ros/foxy CONDA_PROMPT_MODIFIER=(base) /home/naveen/.local/bin/cmake --install /home/naveen/courses/ENPM808x/beginner_tutorials/build/cpp_pubsub
