[0.012s] Invoking command in '/home/naveen/courses/ENPM808x/beginner_tutorials/build/cpp_pubsub': CMAKE_PREFIX_PATH=/opt/ros/foxy CONDA_PROMPT_MODIFIER=(base) /home/naveen/.local/bin/cmake --build /home/naveen/courses/ENPM808x/beginner_tutorials/build/cpp_pubsub -- -j16 -l16
[0.040s] -- Found ament_cmake: 0.9.11 (/opt/ros/foxy/share/ament_cmake/cmake)
[0.059s] -- Using PYTHON_EXECUTABLE: /home/naveen/anaconda3/bin/python3
[0.210s] -- Found rclcpp: 2.4.2 (/opt/ros/foxy/share/rclcpp/cmake)
[0.236s] -- Using all available rosidl_typesupport_c: rosidl_typesupport_fastrtps_c;rosidl_typesupport_introspection_c
[0.239s] -- Found rosidl_adapter: 1.3.0 (/opt/ros/foxy/share/rosidl_adapter/cmake)
[0.281s] -- Found OpenSSL: /usr/lib/x86_64-linux-gnu/libcrypto.so (found version "1.1.1f")  
[0.300s] -- Found FastRTPS: /opt/ros/foxy/include  
[0.348s] -- Using all available rosidl_typesupport_cpp: rosidl_typesupport_fastrtps_cpp;rosidl_typesupport_introspection_cpp
[0.378s] -- Found rmw_implementation_cmake: 1.0.3 (/opt/ros/foxy/share/rmw_implementation_cmake/cmake)
[0.379s] -- Using RMW implementation 'rmw_fastrtps_cpp' as default
[0.380s] -- Looking for pthread.h
[0.413s] -- Looking for pthread.h - found
[0.413s] -- Performing Test CMAKE_HAVE_LIBC_PTHREAD
[0.446s] -- Performing Test CMAKE_HAVE_LIBC_PTHREAD - Failed
[0.446s] -- Looking for pthread_create in pthreads
[0.469s] -- Looking for pthread_create in pthreads - not found
[0.469s] -- Looking for pthread_create in pthread
[0.498s] -- Looking for pthread_create in pthread - found
[0.499s] -- Found Threads: TRUE  
[0.582s] -- Found ament_lint_auto: 0.9.7 (/opt/ros/foxy/share/ament_lint_auto/cmake)
[0.658s] -- Added test 'copyright' to check source files copyright and LICENSE
[0.661s] -- Added test 'cppcheck' to perform static code analysis on C / C++ code
[0.661s] -- Configured cppcheck include dirs: 
[0.661s] -- Configured cppcheck exclude dirs and/or files: 
[0.664s] -- Added test 'cpplint' to check C / C++ code against the Google style
[0.664s] -- Configured cpplint exclude dirs and/or files: 
[0.665s] -- Added test 'flake8' to check Python code syntax and style conventions
[0.666s] -- Added test 'lint_cmake' to check CMake code style
[0.666s] -- Added test 'pep257' to check Python code against some of the style conventions in PEP 257
[0.669s] -- Added test 'uncrustify' to check C / C++ code style
[0.669s] -- Configured uncrustify additional arguments: 
[0.669s] -- Added test 'xmllint' to check XML markup files
[0.670s] -- Configuring done
[0.674s] -- Generating done
[0.675s] -- Build files have been written to: /home/naveen/courses/ENPM808x/beginner_tutorials/build/cpp_pubsub
[0.686s] [ 50%] [32mBuilding CXX object CMakeFiles/talker.dir/src/publisher_member_function.cpp.o[0m
[2.412s] [100%] [32m[1mLinking CXX executable talker[0m
[2.491s] [100%] Built target talker
[2.503s] Invoked command in '/home/naveen/courses/ENPM808x/beginner_tutorials/build/cpp_pubsub' returned '0': CMAKE_PREFIX_PATH=/opt/ros/foxy CONDA_PROMPT_MODIFIER=(base) /home/naveen/.local/bin/cmake --build /home/naveen/courses/ENPM808x/beginner_tutorials/build/cpp_pubsub -- -j16 -l16
[2.561s] Invoking command in '/home/naveen/courses/ENPM808x/beginner_tutorials/build/cpp_pubsub': CMAKE_PREFIX_PATH=/opt/ros/foxy CONDA_PROMPT_MODIFIER=(base) /home/naveen/.local/bin/cmake --install /home/naveen/courses/ENPM808x/beginner_tutorials/build/cpp_pubsub
[2.580s] -- Install configuration: ""
[2.580s] -- Installing: /home/naveen/courses/ENPM808x/beginner_tutorials/install/cpp_pubsub/lib/cpp_pubsub/talker
[2.580s] -- Set runtime path of "/home/naveen/courses/ENPM808x/beginner_tutorials/install/cpp_pubsub/lib/cpp_pubsub/talker" to ""
[2.580s] -- Installing: /home/naveen/courses/ENPM808x/beginner_tutorials/install/cpp_pubsub/share/ament_index/resource_index/package_run_dependencies/cpp_pubsub
[2.580s] -- Up-to-date: /home/naveen/courses/ENPM808x/beginner_tutorials/install/cpp_pubsub/share/ament_index/resource_index/parent_prefix_path/cpp_pubsub
[2.580s] -- Up-to-date: /home/naveen/courses/ENPM808x/beginner_tutorials/install/cpp_pubsub/share/cpp_pubsub/environment/ament_prefix_path.sh
[2.581s] -- Installing: /home/naveen/courses/ENPM808x/beginner_tutorials/install/cpp_pubsub/share/cpp_pubsub/environment/ament_prefix_path.dsv
[2.581s] -- Up-to-date: /home/naveen/courses/ENPM808x/beginner_tutorials/install/cpp_pubsub/share/cpp_pubsub/environment/path.sh
[2.581s] -- Installing: /home/naveen/courses/ENPM808x/beginner_tutorials/install/cpp_pubsub/share/cpp_pubsub/environment/path.dsv
[2.581s] -- Up-to-date: /home/naveen/courses/ENPM808x/beginner_tutorials/install/cpp_pubsub/share/cpp_pubsub/local_setup.bash
[2.581s] -- Up-to-date: /home/naveen/courses/ENPM808x/beginner_tutorials/install/cpp_pubsub/share/cpp_pubsub/local_setup.sh
[2.581s] -- Up-to-date: /home/naveen/courses/ENPM808x/beginner_tutorials/install/cpp_pubsub/share/cpp_pubsub/local_setup.zsh
[2.581s] -- Installing: /home/naveen/courses/ENPM808x/beginner_tutorials/install/cpp_pubsub/share/cpp_pubsub/local_setup.dsv
[2.581s] -- Installing: /home/naveen/courses/ENPM808x/beginner_tutorials/install/cpp_pubsub/share/cpp_pubsub/package.dsv
[2.581s] -- Up-to-date: /home/naveen/courses/ENPM808x/beginner_tutorials/install/cpp_pubsub/share/ament_index/resource_index/packages/cpp_pubsub
[2.581s] -- Up-to-date: /home/naveen/courses/ENPM808x/beginner_tutorials/install/cpp_pubsub/share/cpp_pubsub/cmake/cpp_pubsubConfig.cmake
[2.581s] -- Up-to-date: /home/naveen/courses/ENPM808x/beginner_tutorials/install/cpp_pubsub/share/cpp_pubsub/cmake/cpp_pubsubConfig-version.cmake
[2.581s] -- Installing: /home/naveen/courses/ENPM808x/beginner_tutorials/install/cpp_pubsub/share/cpp_pubsub/package.xml
[2.585s] Invoked command in '/home/naveen/courses/ENPM808x/beginner_tutorials/build/cpp_pubsub' returned '0': CMAKE_PREFIX_PATH=/opt/ros/foxy CONDA_PROMPT_MODIFIER=(base) /home/naveen/.local/bin/cmake --install /home/naveen/courses/ENPM808x/beginner_tutorials/build/cpp_pubsub
