[0.009s] Invoking command in '/home/naveen/courses/ENPM808x/beginner_tutorials/build/cpp_pubsub': CMAKE_PREFIX_PATH=/opt/ros/foxy CONDA_PROMPT_MODIFIER=(base) /home/naveen/.local/bin/cmake /home/naveen/courses/ENPM808x/beginner_tutorials/src/cpp_pubsub -DCMAKE_INSTALL_PREFIX=/home/naveen/courses/ENPM808x/beginner_tutorials/install/cpp_pubsub
[0.091s] -- The C compiler identification is GNU 9.4.0
[0.193s] -- The CXX compiler identification is GNU 9.4.0
[0.206s] -- Detecting C compiler ABI info
[0.281s] -- Detecting C compiler ABI info - done
[0.302s] -- Check for working C compiler: /usr/bin/cc - skipped
[0.302s] -- Detecting C compile features
[0.304s] -- Detecting C compile features - done
[0.307s] -- Detecting CXX compiler ABI info
[0.346s] -- Detecting CXX compiler ABI info - done
[0.352s] -- Check for working CXX compiler: /usr/bin/c++ - skipped
[0.352s] -- Detecting CXX compile features
[0.353s] -- Detecting CXX compile features - done
[0.354s] -- Found ament_cmake: 0.9.11 (/opt/ros/foxy/share/ament_cmake/cmake)
[0.376s] -- Found PythonInterp: /home/naveen/anaconda3/bin/python3 (found suitable version "3.9.12", minimum required is "3") 
[0.376s] -- Using PYTHON_EXECUTABLE: /home/naveen/anaconda3/bin/python3
[0.536s] -- Found ament_lint_auto: 0.9.7 (/opt/ros/foxy/share/ament_lint_auto/cmake)
[0.649s] -- Added test 'copyright' to check source files copyright and LICENSE
[0.652s] -- Added test 'cppcheck' to perform static code analysis on C / C++ code
[0.652s] -- Configured cppcheck include dirs: 
[0.652s] -- Configured cppcheck exclude dirs and/or files: 
[0.654s] -- Added test 'cpplint' to check C / C++ code against the Google style
[0.654s] -- Configured cpplint exclude dirs and/or files: 
[0.655s] -- Added test 'lint_cmake' to check CMake code style
[0.658s] -- Added test 'uncrustify' to check C / C++ code style
[0.658s] -- Configured uncrustify additional arguments: 
[0.658s] -- Added test 'xmllint' to check XML markup files
[0.659s] -- Configuring done
[0.661s] -- Generating done
[0.661s] -- Build files have been written to: /home/naveen/courses/ENPM808x/beginner_tutorials/build/cpp_pubsub
[0.666s] Invoked command in '/home/naveen/courses/ENPM808x/beginner_tutorials/build/cpp_pubsub' returned '0': CMAKE_PREFIX_PATH=/opt/ros/foxy CONDA_PROMPT_MODIFIER=(base) /home/naveen/.local/bin/cmake /home/naveen/courses/ENPM808x/beginner_tutorials/src/cpp_pubsub -DCMAKE_INSTALL_PREFIX=/home/naveen/courses/ENPM808x/beginner_tutorials/install/cpp_pubsub
[0.668s] Invoking command in '/home/naveen/courses/ENPM808x/beginner_tutorials/build/cpp_pubsub': CMAKE_PREFIX_PATH=/opt/ros/foxy CONDA_PROMPT_MODIFIER=(base) /home/naveen/.local/bin/cmake --build /home/naveen/courses/ENPM808x/beginner_tutorials/build/cpp_pubsub -- -j16 -l16
[0.720s] Invoked command in '/home/naveen/courses/ENPM808x/beginner_tutorials/build/cpp_pubsub' returned '0': CMAKE_PREFIX_PATH=/opt/ros/foxy CONDA_PROMPT_MODIFIER=(base) /home/naveen/.local/bin/cmake --build /home/naveen/courses/ENPM808x/beginner_tutorials/build/cpp_pubsub -- -j16 -l16
[0.840s] Invoking command in '/home/naveen/courses/ENPM808x/beginner_tutorials/build/cpp_pubsub': CMAKE_PREFIX_PATH=/opt/ros/foxy CONDA_PROMPT_MODIFIER=(base) /home/naveen/.local/bin/cmake --install /home/naveen/courses/ENPM808x/beginner_tutorials/build/cpp_pubsub
[0.879s] -- Install configuration: ""
[0.879s] -- Installing: /home/naveen/courses/ENPM808x/beginner_tutorials/install/cpp_pubsub/share/ament_index/resource_index/package_run_dependencies/cpp_pubsub
[0.879s] -- Installing: /home/naveen/courses/ENPM808x/beginner_tutorials/install/cpp_pubsub/share/ament_index/resource_index/parent_prefix_path/cpp_pubsub
[0.879s] -- Installing: /home/naveen/courses/ENPM808x/beginner_tutorials/install/cpp_pubsub/share/cpp_pubsub/environment/ament_prefix_path.sh
[0.879s] -- Installing: /home/naveen/courses/ENPM808x/beginner_tutorials/install/cpp_pubsub/share/cpp_pubsub/environment/ament_prefix_path.dsv
[0.879s] -- Installing: /home/naveen/courses/ENPM808x/beginner_tutorials/install/cpp_pubsub/share/cpp_pubsub/environment/path.sh
[0.879s] -- Installing: /home/naveen/courses/ENPM808x/beginner_tutorials/install/cpp_pubsub/share/cpp_pubsub/environment/path.dsv
[0.879s] -- Installing: /home/naveen/courses/ENPM808x/beginner_tutorials/install/cpp_pubsub/share/cpp_pubsub/local_setup.bash
[0.879s] -- Installing: /home/naveen/courses/ENPM808x/beginner_tutorials/install/cpp_pubsub/share/cpp_pubsub/local_setup.sh
[0.879s] -- Installing: /home/naveen/courses/ENPM808x/beginner_tutorials/install/cpp_pubsub/share/cpp_pubsub/local_setup.zsh
[0.880s] -- Installing: /home/naveen/courses/ENPM808x/beginner_tutorials/install/cpp_pubsub/share/cpp_pubsub/local_setup.dsv
[0.880s] -- Installing: /home/naveen/courses/ENPM808x/beginner_tutorials/install/cpp_pubsub/share/cpp_pubsub/package.dsv
[0.880s] -- Installing: /home/naveen/courses/ENPM808x/beginner_tutorials/install/cpp_pubsub/share/ament_index/resource_index/packages/cpp_pubsub
[0.880s] -- Installing: /home/naveen/courses/ENPM808x/beginner_tutorials/install/cpp_pubsub/share/cpp_pubsub/cmake/cpp_pubsubConfig.cmake
[0.880s] -- Installing: /home/naveen/courses/ENPM808x/beginner_tutorials/install/cpp_pubsub/share/cpp_pubsub/cmake/cpp_pubsubConfig-version.cmake
[0.880s] -- Installing: /home/naveen/courses/ENPM808x/beginner_tutorials/install/cpp_pubsub/share/cpp_pubsub/package.xml
[0.884s] Invoked command in '/home/naveen/courses/ENPM808x/beginner_tutorials/build/cpp_pubsub' returned '0': CMAKE_PREFIX_PATH=/opt/ros/foxy CONDA_PROMPT_MODIFIER=(base) /home/naveen/.local/bin/cmake --install /home/naveen/courses/ENPM808x/beginner_tutorials/build/cpp_pubsub
