[0.011s] Invoking command in '/home/naveen/courses/ENPM808x/beginner_tutorials/build/beginner_tutorials': CMAKE_PREFIX_PATH=${CMAKE_PREFIX_PATH}:/opt/ros/foxy CONDA_PROMPT_MODIFIER=(base) /home/naveen/.local/bin/cmake /home/naveen/courses/ENPM808x/beginner_tutorials -DCMAKE_INSTALL_PREFIX=/home/naveen/courses/ENPM808x/beginner_tutorials/install/beginner_tutorials
[0.060s] -- The C compiler identification is GNU 9.4.0
[0.092s] -- The CXX compiler identification is GNU 9.4.0
[0.096s] -- Detecting C compiler ABI info
[0.126s] -- Detecting C compiler ABI info - done
[0.131s] -- Check for working C compiler: /usr/bin/cc - skipped
[0.132s] -- Detecting C compile features
[0.132s] -- Detecting C compile features - done
[0.134s] -- Detecting CXX compiler ABI info
[0.169s] -- Detecting CXX compiler ABI info - done
[0.175s] -- Check for working CXX compiler: /usr/bin/c++ - skipped
[0.175s] -- Detecting CXX compile features
[0.175s] -- Detecting CXX compile features - done
[0.176s] -- Found ament_cmake: 0.9.11 (/opt/ros/foxy/share/ament_cmake/cmake)
[0.196s] -- Found PythonInterp: /home/naveen/anaconda3/bin/python3 (found suitable version "3.9.12", minimum required is "3") 
[0.196s] -- Using PYTHON_EXECUTABLE: /home/naveen/anaconda3/bin/python3
[0.354s] -- Found rclcpp: 2.4.2 (/opt/ros/foxy/share/rclcpp/cmake)
[0.379s] -- Using all available rosidl_typesupport_c: rosidl_typesupport_fastrtps_c;rosidl_typesupport_introspection_c
[0.383s] -- Found rosidl_adapter: 1.3.0 (/opt/ros/foxy/share/rosidl_adapter/cmake)
[0.426s] -- Found OpenSSL: /usr/lib/x86_64-linux-gnu/libcrypto.so (found version "1.1.1f")  
[0.446s] -- Found FastRTPS: /opt/ros/foxy/include  
[0.493s] -- Using all available rosidl_typesupport_cpp: rosidl_typesupport_fastrtps_cpp;rosidl_typesupport_introspection_cpp
[0.524s] -- Found rmw_implementation_cmake: 1.0.3 (/opt/ros/foxy/share/rmw_implementation_cmake/cmake)
[0.524s] -- Using RMW implementation 'rmw_fastrtps_cpp' as default
[0.525s] -- Looking for pthread.h
[0.557s] -- Looking for pthread.h - found
[0.557s] -- Performing Test CMAKE_HAVE_LIBC_PTHREAD
[0.588s] -- Performing Test CMAKE_HAVE_LIBC_PTHREAD - Failed
[0.588s] -- Looking for pthread_create in pthreads
[0.613s] -- Looking for pthread_create in pthreads - not found
[0.613s] -- Looking for pthread_create in pthread
[0.644s] -- Looking for pthread_create in pthread - found
[0.645s] -- Found Threads: TRUE  
[0.729s] -- Found ament_lint_auto: 0.9.7 (/opt/ros/foxy/share/ament_lint_auto/cmake)
[0.809s] -- Added test 'copyright' to check source files copyright and LICENSE
[0.821s] -- Added test 'cppcheck' to perform static code analysis on C / C++ code
[0.821s] -- Configured cppcheck include dirs: 
[0.821s] -- Configured cppcheck exclude dirs and/or files: 
[0.832s] -- Added test 'cpplint' to check C / C++ code against the Google style
[0.832s] -- Configured cpplint exclude dirs and/or files: 
[0.836s] -- Added test 'lint_cmake' to check CMake code style
[0.848s] -- Added test 'uncrustify' to check C / C++ code style
[0.849s] -- Configured uncrustify additional arguments: 
[0.850s] -- Added test 'xmllint' to check XML markup files
[0.851s] -- Configuring done
[0.857s] -- Generating done
[0.858s] -- Build files have been written to: /home/naveen/courses/ENPM808x/beginner_tutorials/build/beginner_tutorials
[0.868s] Invoked command in '/home/naveen/courses/ENPM808x/beginner_tutorials/build/beginner_tutorials' returned '0': CMAKE_PREFIX_PATH=${CMAKE_PREFIX_PATH}:/opt/ros/foxy CONDA_PROMPT_MODIFIER=(base) /home/naveen/.local/bin/cmake /home/naveen/courses/ENPM808x/beginner_tutorials -DCMAKE_INSTALL_PREFIX=/home/naveen/courses/ENPM808x/beginner_tutorials/install/beginner_tutorials
[0.869s] Invoking command in '/home/naveen/courses/ENPM808x/beginner_tutorials/build/beginner_tutorials': CMAKE_PREFIX_PATH=${CMAKE_PREFIX_PATH}:/opt/ros/foxy CONDA_PROMPT_MODIFIER=(base) /home/naveen/.local/bin/cmake --build /home/naveen/courses/ENPM808x/beginner_tutorials/build/beginner_tutorials -- -j16 -l16
[0.899s] [ 25%] [32mBuilding CXX object CMakeFiles/talker.dir/src/publisher_member_function.cpp.o[0m
[0.899s] [ 50%] [32mBuilding CXX object CMakeFiles/listner.dir/src/subscriber_member_function.cpp.o[0m
[2.695s] [ 75%] [32m[1mLinking CXX executable talker[0m
[2.778s] [ 75%] Built target talker
[3.720s] [100%] [32m[1mLinking CXX executable listner[0m
[3.841s] [100%] Built target listner
[3.847s] Invoked command in '/home/naveen/courses/ENPM808x/beginner_tutorials/build/beginner_tutorials' returned '0': CMAKE_PREFIX_PATH=${CMAKE_PREFIX_PATH}:/opt/ros/foxy CONDA_PROMPT_MODIFIER=(base) /home/naveen/.local/bin/cmake --build /home/naveen/courses/ENPM808x/beginner_tutorials/build/beginner_tutorials -- -j16 -l16
[3.904s] Invoking command in '/home/naveen/courses/ENPM808x/beginner_tutorials/build/beginner_tutorials': CMAKE_PREFIX_PATH=${CMAKE_PREFIX_PATH}:/opt/ros/foxy CONDA_PROMPT_MODIFIER=(base) /home/naveen/.local/bin/cmake --install /home/naveen/courses/ENPM808x/beginner_tutorials/build/beginner_tutorials
[3.924s] -- Install configuration: ""
[3.924s] -- Installing: /home/naveen/courses/ENPM808x/beginner_tutorials/install/beginner_tutorials/lib/beginner_tutorials/talker
[3.925s] -- Set runtime path of "/home/naveen/courses/ENPM808x/beginner_tutorials/install/beginner_tutorials/lib/beginner_tutorials/talker" to ""
[3.925s] -- Installing: /home/naveen/courses/ENPM808x/beginner_tutorials/install/beginner_tutorials/lib/beginner_tutorials/listner
[3.926s] -- Set runtime path of "/home/naveen/courses/ENPM808x/beginner_tutorials/install/beginner_tutorials/lib/beginner_tutorials/listner" to ""
[3.926s] -- Installing: /home/naveen/courses/ENPM808x/beginner_tutorials/install/beginner_tutorials/share/ament_index/resource_index/package_run_dependencies/beginner_tutorials
[3.926s] -- Installing: /home/naveen/courses/ENPM808x/beginner_tutorials/install/beginner_tutorials/share/ament_index/resource_index/parent_prefix_path/beginner_tutorials
[3.926s] -- Installing: /home/naveen/courses/ENPM808x/beginner_tutorials/install/beginner_tutorials/share/beginner_tutorials/environment/ament_prefix_path.sh
[3.926s] -- Installing: /home/naveen/courses/ENPM808x/beginner_tutorials/install/beginner_tutorials/share/beginner_tutorials/environment/ament_prefix_path.dsv
[3.926s] -- Installing: /home/naveen/courses/ENPM808x/beginner_tutorials/install/beginner_tutorials/share/beginner_tutorials/environment/path.sh
[3.926s] -- Installing: /home/naveen/courses/ENPM808x/beginner_tutorials/install/beginner_tutorials/share/beginner_tutorials/environment/path.dsv
[3.927s] -- Installing: /home/naveen/courses/ENPM808x/beginner_tutorials/install/beginner_tutorials/share/beginner_tutorials/local_setup.bash
[3.927s] -- Installing: /home/naveen/courses/ENPM808x/beginner_tutorials/install/beginner_tutorials/share/beginner_tutorials/local_setup.sh
[3.927s] -- Installing: /home/naveen/courses/ENPM808x/beginner_tutorials/install/beginner_tutorials/share/beginner_tutorials/local_setup.zsh
[3.927s] -- Installing: /home/naveen/courses/ENPM808x/beginner_tutorials/install/beginner_tutorials/share/beginner_tutorials/local_setup.dsv
[3.927s] -- Installing: /home/naveen/courses/ENPM808x/beginner_tutorials/install/beginner_tutorials/share/beginner_tutorials/package.dsv
[3.927s] -- Installing: /home/naveen/courses/ENPM808x/beginner_tutorials/install/beginner_tutorials/share/ament_index/resource_index/packages/beginner_tutorials
[3.927s] -- Installing: /home/naveen/courses/ENPM808x/beginner_tutorials/install/beginner_tutorials/share/beginner_tutorials/cmake/beginner_tutorialsConfig.cmake
[3.927s] -- Installing: /home/naveen/courses/ENPM808x/beginner_tutorials/install/beginner_tutorials/share/beginner_tutorials/cmake/beginner_tutorialsConfig-version.cmake
[3.927s] -- Installing: /home/naveen/courses/ENPM808x/beginner_tutorials/install/beginner_tutorials/share/beginner_tutorials/package.xml
[3.931s] Invoked command in '/home/naveen/courses/ENPM808x/beginner_tutorials/build/beginner_tutorials' returned '0': CMAKE_PREFIX_PATH=${CMAKE_PREFIX_PATH}:/opt/ros/foxy CONDA_PROMPT_MODIFIER=(base) /home/naveen/.local/bin/cmake --install /home/naveen/courses/ENPM808x/beginner_tutorials/build/beginner_tutorials
